c:\users\logan.pletcher.aie\downloads\aie-fuzzylogic-master (1)\aie-fuzzylogic-master\behavioralai\behaviouralai\debug\vc140.pdb
c:\users\logan.pletcher.aie\downloads\aie-fuzzylogic-master (1)\aie-fuzzylogic-master\behavioralai\behaviouralai\debug\vc140.idb
c:\users\logan.pletcher.aie\downloads\aie-fuzzylogic-master (1)\aie-fuzzylogic-master\behavioralai\behaviouralai\debug\baseapplication.obj
c:\users\logan.pletcher.aie\downloads\aie-fuzzylogic-master (1)\aie-fuzzylogic-master\behavioralai\behaviouralai\debug\basenpc.obj
c:\users\logan.pletcher.aie\downloads\aie-fuzzylogic-master (1)\aie-fuzzylogic-master\behavioralai\behaviouralai\debug\camera.obj
c:\users\logan.pletcher.aie\downloads\aie-fuzzylogic-master (1)\aie-fuzzylogic-master\behavioralai\behaviouralai\debug\gizmos.obj
c:\users\logan.pletcher.aie\downloads\aie-fuzzylogic-master (1)\aie-fuzzylogic-master\behavioralai\behaviouralai\debug\main.obj
c:\users\logan.pletcher.aie\downloads\aie-fuzzylogic-master (1)\aie-fuzzylogic-master\behavioralai\behaviouralai\debug\utilityscore.obj
c:\users\logan.pletcher.aie\downloads\aie-fuzzylogic-master (1)\aie-fuzzylogic-master\behavioralai\behaviouralai\debug\utilitysystemapplication.obj
c:\users\logan.pletcher.aie\downloads\aie-fuzzylogic-master (1)\aie-fuzzylogic-master\behavioralai\behaviouralai\debug\utilityvalue.obj
c:\users\logan.pletcher.aie\downloads\aie-fuzzylogic-master (1)\aie-fuzzylogic-master\behavioralai\behaviouralai\debug\world.obj
c:\users\logan.pletcher.aie\downloads\aie-fuzzylogic-master (1)\aie-fuzzylogic-master\behavioralai\behaviouralai\debug\utilitynpc.obj
c:\users\logan.pletcher.aie\downloads\aie-fuzzylogic-master (1)\aie-fuzzylogic-master\behavioralai\behaviouralai\debug\gl_core_4_4.obj
c:\users\logan.pletcher.aie\downloads\aie-fuzzylogic-master (1)\aie-fuzzylogic-master\behavioralai\behaviouralai\bin\behaviouralai_d.pdb
c:\users\logan.pletcher.aie\downloads\aie-fuzzylogic-master (1)\aie-fuzzylogic-master\behavioralai\behaviouralai\debug\behaviouralai.tlog\cl.command.1.tlog
c:\users\logan.pletcher.aie\downloads\aie-fuzzylogic-master (1)\aie-fuzzylogic-master\behavioralai\behaviouralai\debug\behaviouralai.tlog\cl.read.1.tlog
c:\users\logan.pletcher.aie\downloads\aie-fuzzylogic-master (1)\aie-fuzzylogic-master\behavioralai\behaviouralai\debug\behaviouralai.tlog\cl.write.1.tlog
c:\users\logan.pletcher.aie\downloads\aie-fuzzylogic-master (1)\aie-fuzzylogic-master\behavioralai\behaviouralai\debug\behaviouralai.tlog\link.command.1.tlog
c:\users\logan.pletcher.aie\downloads\aie-fuzzylogic-master (1)\aie-fuzzylogic-master\behavioralai\behaviouralai\debug\behaviouralai.tlog\link.read.1.tlog
c:\users\logan.pletcher.aie\downloads\aie-fuzzylogic-master (1)\aie-fuzzylogic-master\behavioralai\behaviouralai\debug\behaviouralai.tlog\link.write.1.tlog
